<?xml version="1.0" encoding="UTF-8"?>
<!-- Generated by org.testng.reporters.JUnitReportReporter -->
<testsuite hostname="LAPTOP-6H0FSJA9" failures="0" tests="1" name="Testscripts.Fitepo_Scripts" time="19.000" errors="0" timestamp="2024-08-03T21:57:08 IST" skipped="0">
  <testcase classname="Testscripts.Fitepo_Scripts" name="Validate_the_setup" time="19.000"/>
</testsuite> <!-- Testscripts.Fitepo_Scripts -->
